2024-07-20 15:34:19:3419 [36minfo[39m: [36mServer is running on http://localhost:3000[39m
2024-07-20 15:35:05:355 [36minfo[39m: [36mServer is running on http://localhost:3000[39m
2024-07-20 15:35:11:3511 [36minfo[39m: [36mServer is running on http://localhost:3000[39m
2024-07-20 15:35:20:3520 [36minfo[39m: [36mServer is running on http://localhost:3000[39m
2024-07-20 15:35:28:3528 [36minfo[39m: [36mServer is running on http://localhost:3000[39m
2024-07-20 15:36:24:3624 [36minfo[39m: [36mServer is running on http://localhost:3000[39m
2024-07-20 15:36:28:3628 [36minfo[39m: [36mServer is running on http://localhost:3000[39m
2024-07-20 15:36:41:3641 [36minfo[39m: [36mServer is running on http://localhost:3000[39m
2024-07-20 15:36:45:3645 [36minfo[39m: [36mServer is running on http://localhost:3000[39m
2024-07-20 15:37:12:3712 [36minfo[39m: [36mServer is running on http://localhost:3000[39m
2024-07-20 15:37:50:3750 [36minfo[39m: [36mServer is running on http://localhost:3000[39m
2024-07-20 15:40:58:4058 [36minfo[39m: [36mServer is running on http://localhost:3000[39m
2024-07-20 15:41:11:4111 [36minfo[39m: [36mServer is running on http://localhost:3000[39m
2024-07-20 15:41:22:4122 [36minfo[39m: [36mServer is running on http://localhost:3000[39m
2024-07-20 15:41:24:4124 [36minfo[39m: [36mServer is running on http://localhost:3000[39m
2024-07-20 15:41:47:4147 [36minfo[39m: [36mServer is running on http://localhost:3000[39m
2024-07-20 15:41:59:4159 [35mhttp[39m: [35mPOST /sign-up 500 1978 - 4.075 ms[39m
[35m[39m
2024-07-20 15:44:13:4413 [36minfo[39m: [36mServer is running on http://localhost:3000[39m
2024-07-20 15:44:17:4417 [35mhttp[39m: [35mPOST /sign-up 500 1978 - 3.963 ms[39m
[35m[39m
2024-07-20 15:45:33:4533 [36minfo[39m: [36mServer is running on http://localhost:3000[39m
2024-07-20 15:45:35:4535 [35mhttp[39m: [35mPOST /sign-up 400 103 - 2.216 ms[39m
[35m[39m
2024-07-20 15:45:36:4536 [35mhttp[39m: [35mPOST /sign-up 400 103 - 0.417 ms[39m
[35m[39m
2024-07-20 15:45:47:4547 [36minfo[39m: [36mServer is running on http://localhost:3000[39m
2024-07-20 15:46:08:468 [35mhttp[39m: [35mPOST /sign-up 400 103 - 3.182 ms[39m
[35m[39m
2024-07-20 16:15:53:1553 [36minfo[39m: [36mServer is running on http://localhost:3000[39m
2024-07-20 16:15:55:1555 [35mhttp[39m: [35mPOST /sign-up 201 12 - 28.394 ms[39m
[35m[39m
2024-07-20 16:21:29:2129 [36minfo[39m: [36mServer is running on http://localhost:3000[39m
2024-07-20 16:37:16:3716 [36minfo[39m: [36mServer is running on http://localhost:3000[39m
2024-07-20 16:37:21:3721 [35mhttp[39m: [35mPOST /sign-up 500 1760 - 37.117 ms[39m
[35m[39m
2024-07-20 16:43:58:4358 [36minfo[39m: [36mServer is running on http://localhost:3000[39m
2024-07-20 16:44:14:4414 [36minfo[39m: [36mServer is running on http://localhost:3000[39m
2024-07-20 16:44:16:4416 [36minfo[39m: [36mServer is running on http://localhost:3000[39m
2024-07-20 16:44:32:4432 [36minfo[39m: [36mServer is running on http://localhost:3000[39m
2024-07-20 16:44:39:4439 [36minfo[39m: [36mServer is running on http://localhost:3000[39m
2024-07-20 16:44:41:4441 [35mhttp[39m: [35mPOST /sign-up 500 1760 - 33.311 ms[39m
[35m[39m
2024-07-20 16:44:42:4442 [35mhttp[39m: [35mPOST /sign-up 500 1760 - 13.852 ms[39m
[35m[39m
2024-07-20 16:44:47:4447 [36minfo[39m: [36mServer is running on http://localhost:3000[39m
2024-07-20 16:44:49:4449 [35mhttp[39m: [35mPOST /sign-up 500 1760 - 33.874 ms[39m
[35m[39m
2024-07-20 16:45:07:457 [36minfo[39m: [36mServer is running on http://localhost:3000[39m
2024-07-20 16:45:14:4514 [36minfo[39m: [36mServer is running on http://localhost:3000[39m
2024-07-20 16:45:16:4516 [36minfo[39m: [36mServer is running on http://localhost:3000[39m
2024-07-20 16:46:06:466 [36minfo[39m: [36mServer is running on http://localhost:3000[39m
2024-07-20 16:46:08:468 [36minfo[39m: [36mServer is running on http://localhost:3000[39m
2024-07-20 16:46:35:4635 [35mhttp[39m: [35mPOST /sign-up 500 917 - 40.647 ms[39m
[35m[39m
2024-07-20 16:46:48:4648 [36minfo[39m: [36mServer is running on http://localhost:3000[39m
2024-07-20 16:46:53:4653 [36minfo[39m: [36mServer is running on http://localhost:3000[39m
2024-07-20 16:47:13:4713 [36minfo[39m: [36mServer is running on http://localhost:3000[39m
2024-07-20 16:48:30:4830 [35mhttp[39m: [35mPOST /sign-up 500 1760 - 36.971 ms[39m
[35m[39m
2024-07-20 16:49:25:4925 [36minfo[39m: [36mServer is running on http://localhost:3000[39m
2024-07-20 16:49:27:4927 [35mhttp[39m: [35mPOST /sign-up 500 1760 - 31.380 ms[39m
[35m[39m
2024-07-20 16:49:28:4928 [35mhttp[39m: [35mPOST /sign-up 500 1760 - 20.445 ms[39m
[35m[39m
2024-07-20 16:49:51:4951 [36minfo[39m: [36mServer is running on http://localhost:3000[39m
2024-07-20 16:49:59:4959 [35mhttp[39m: [35mPOST /sign-up 500 1760 - 34.374 ms[39m
[35m[39m
2024-07-20 16:49:59:4959 [35mhttp[39m: [35mPOST /sign-up 500 1760 - 18.282 ms[39m
[35m[39m
2024-07-20 16:52:15:5215 [36minfo[39m: [36mServer is running on http://localhost:3000[39m
2024-07-20 16:52:17:5217 [35mhttp[39m: [35mPOST /sign-up 500 1760 - 39.366 ms[39m
[35m[39m
2024-07-20 16:52:51:5251 [36minfo[39m: [36mServer is running on http://localhost:3000[39m
2024-07-20 16:52:57:5257 [36minfo[39m: [36mServer is running on http://localhost:3000[39m
2024-07-20 16:52:59:5259 [35mhttp[39m: [35mPOST /sign-up 500 1760 - 34.893 ms[39m
[35m[39m
2024-07-20 16:53:00:530 [35mhttp[39m: [35mPOST /sign-up 500 1760 - 24.359 ms[39m
[35m[39m
2024-07-20 16:54:11:5411 [36minfo[39m: [36mServer is running on http://localhost:3000[39m
2024-07-20 16:54:13:5413 [35mhttp[39m: [35mPOST /sign-up 500 1760 - 36.039 ms[39m
[35m[39m
2024-07-20 16:54:24:5424 [36minfo[39m: [36mServer is running on http://localhost:3000[39m
2024-07-20 16:55:33:5533 [36minfo[39m: [36mServer is running on http://localhost:3000[39m
2024-07-20 16:55:34:5534 [35mhttp[39m: [35mPOST /sign-up 500 1760 - 28.021 ms[39m
[35m[39m
2024-07-20 16:55:35:5535 [35mhttp[39m: [35mPOST /sign-up 500 1760 - 19.407 ms[39m
[35m[39m
2024-07-20 16:55:44:5544 [36minfo[39m: [36mServer is running on http://localhost:3000[39m
2024-07-20 16:55:49:5549 [35mhttp[39m: [35mPOST /sign-up 500 1760 - 35.094 ms[39m
[35m[39m
2024-07-20 16:55:53:5553 [35mhttp[39m: [35mGET / 200 26 - 1.249 ms[39m
[35m[39m
2024-07-20 16:55:53:5553 [35mhttp[39m: [35mGET /favicon.ico 404 150 - 1.385 ms[39m
[35m[39m
2024-07-20 16:58:16:5816 [36minfo[39m: [36mServer is running on http://localhost:3000[39m
2024-07-20 16:58:18:5818 [35mhttp[39m: [35mPOST /sign-up 500 1760 - 37.527 ms[39m
[35m[39m
2024-07-20 16:58:36:5836 [36minfo[39m: [36mServer is running on http://localhost:3000[39m
2024-07-20 16:58:45:5845 [36minfo[39m: [36mServer is running on http://localhost:3000[39m
2024-07-20 16:58:48:5848 [35mhttp[39m: [35mPOST /sign-up 500 1760 - 35.243 ms[39m
[35m[39m
2024-07-20 17:00:00:00 [36minfo[39m: [36mServer is running on http://localhost:3000[39m
2024-07-20 17:00:05:05 [36minfo[39m: [36mServer is running on http://localhost:3000[39m
2024-07-20 17:00:07:07 [35mhttp[39m: [35mPOST /sign-up 500 1760 - 35.242 ms[39m
[35m[39m
2024-07-20 17:00:07:07 [35mhttp[39m: [35mPOST /sign-up 500 1760 - 18.234 ms[39m
[35m[39m
2024-07-20 17:00:10:010 [35mhttp[39m: [35mPOST /sign-up 500 1760 - 22.869 ms[39m
[35m[39m
2024-07-20 17:00:23:023 [35mhttp[39m: [35mPOST /sign-up 400 68 - 1.526 ms[39m
[35m[39m
2024-07-20 17:00:49:049 [36minfo[39m: [36mServer is running on http://localhost:3000[39m
2024-07-20 17:01:40:140 [36minfo[39m: [36mServer is running on http://localhost:3000[39m
2024-07-20 17:01:42:142 [35mhttp[39m: [35mPOST /sign-up 400 68 - 2.013 ms[39m
[35m[39m
2024-07-20 17:01:42:142 [35mhttp[39m: [35mPOST /sign-up 400 68 - 0.357 ms[39m
[35m[39m
2024-07-20 17:02:07:27 [36minfo[39m: [36mServer is running on http://localhost:3000[39m
2024-07-20 17:02:08:28 [35mhttp[39m: [35mPOST /sign-up 400 68 - 2.634 ms[39m
[35m[39m
2024-07-20 17:02:14:214 [36minfo[39m: [36mServer is running on http://localhost:3000[39m
2024-07-20 17:02:28:228 [35mhttp[39m: [35mPOST /sign-up 400 68 - 2.294 ms[39m
[35m[39m
2024-07-20 17:02:42:242 [36minfo[39m: [36mServer is running on http://localhost:3000[39m
2024-07-20 17:03:20:320 [36minfo[39m: [36mServer is running on http://localhost:3000[39m
2024-07-20 17:03:28:328 [36minfo[39m: [36mServer is running on http://localhost:3000[39m
2024-07-20 17:03:33:333 [35mhttp[39m: [35mPOST /sign-up 400 68 - 2.050 ms[39m
[35m[39m
2024-07-20 17:03:46:346 [36minfo[39m: [36mServer is running on http://localhost:3000[39m
2024-07-20 17:03:53:353 [31merror[39m: [31m{"type":"Error","message":"Bad \"options.expiresIn\" option the payload already has an \"exp\" property.","method":"POST","path":"/sign-up","params":"/sign-up","body":{"email":"evolutionary.wizard@gmail.com","password":"12345678"},"query":{},"stack":"Error: Bad \"options.expiresIn\" option the payload already has an \"exp\" property.\n    at module.exports (/home/kaneki/Documents/testing/kubernete-microservice/authentication/node_modules/.pnpm/jsonwebtoken@9.0.2/node_modules/jsonwebtoken/sign.js:163:20)\n    at signToken (/home/kaneki/Documents/testing/kubernete-microservice/authentication/src/services/auth.service.ts:33:59)\n    at /home/kaneki/Documents/testing/kubernete-microservice/authentication/src/index.ts:28:32\n    at Generator.next (<anonymous>)\n    at fulfilled (/home/kaneki/Documents/testing/kubernete-microservice/authentication/src/index.ts:5:58)\n    at processTicksAndRejections (node:internal/process/task_queues:95:5)"}[39m
2024-07-20 17:03:53:353 [35mhttp[39m: [35mPOST /sign-up 422 91 - 39.539 ms[39m
[35m[39m
2024-07-20 17:05:08:58 [36minfo[39m: [36mServer is running on http://localhost:3000[39m
2024-07-20 17:05:08:58 [31merror[39m: [31m{"type":"Error","message":"insert into `users` (`email`, `password`) values ('evolutionary.wizard@gmail.com', '12345678') - Duplicate entry 'evolutionary.wizard@gmail.com' for key 'users.users_email_unique'","method":"POST","path":"/sign-up","params":"/sign-up","body":{"email":"evolutionary.wizard@gmail.com","password":"12345678"},"query":{},"stack":"Error: insert into `users` (`email`, `password`) values ('evolutionary.wizard@gmail.com', '12345678') - Duplicate entry 'evolutionary.wizard@gmail.com' for key 'users.users_email_unique'\n    at Packet.asError (/home/kaneki/Documents/testing/kubernete-microservice/authentication/node_modules/.pnpm/mysql2@3.10.3/node_modules/mysql2/lib/packets/packet.js:728:17)\n    at Query.execute (/home/kaneki/Documents/testing/kubernete-microservice/authentication/node_modules/.pnpm/mysql2@3.10.3/node_modules/mysql2/lib/commands/command.js:29:26)\n    at Connection.handlePacket (/home/kaneki/Documents/testing/kubernete-microservice/authentication/node_modules/.pnpm/mysql2@3.10.3/node_modules/mysql2/lib/connection.js:481:34)\n    at PacketParser.onPacket (/home/kaneki/Documents/testing/kubernete-microservice/authentication/node_modules/.pnpm/mysql2@3.10.3/node_modules/mysql2/lib/connection.js:97:12)\n    at PacketParser.executeStart (/home/kaneki/Documents/testing/kubernete-microservice/authentication/node_modules/.pnpm/mysql2@3.10.3/node_modules/mysql2/lib/packet_parser.js:75:16)\n    at Socket.<anonymous> (/home/kaneki/Documents/testing/kubernete-microservice/authentication/node_modules/.pnpm/mysql2@3.10.3/node_modules/mysql2/lib/connection.js:104:25)\n    at Socket.emit (node:events:519:28)\n    at Socket.emit (node:domain:488:12)\n    at addChunk (node:internal/streams/readable:559:12)\n    at readableAddChunkPushByteMode (node:internal/streams/readable:510:3)"}[39m
2024-07-20 17:05:08:58 [35mhttp[39m: [35mPOST /sign-up 422 193 - 27.809 ms[39m
[35m[39m
2024-07-20 17:05:22:522 [31merror[39m: [31m{"type":"Error","message":"\"expiresIn\" should be a number of seconds or string representing a timespan eg: \"1d\", \"20h\", 60","method":"POST","path":"/sign-up","params":"/sign-up","body":{"email":"ddevolutionary.wizard@gmail.com","password":"12345678"},"query":{},"stack":"Error: \"expiresIn\" should be a number of seconds or string representing a timespan eg: \"1d\", \"20h\", 60\n    at module.exports (/home/kaneki/Documents/testing/kubernete-microservice/authentication/node_modules/.pnpm/jsonwebtoken@9.0.2/node_modules/jsonwebtoken/sign.js:213:22)\n    at signToken (/home/kaneki/Documents/testing/kubernete-microservice/authentication/src/services/auth.service.ts:33:59)\n    at /home/kaneki/Documents/testing/kubernete-microservice/authentication/src/index.ts:27:32\n    at Generator.next (<anonymous>)\n    at fulfilled (/home/kaneki/Documents/testing/kubernete-microservice/authentication/src/index.ts:5:58)\n    at processTicksAndRejections (node:internal/process/task_queues:95:5)"}[39m
2024-07-20 17:05:22:522 [35mhttp[39m: [35mPOST /sign-up 422 115 - 28.390 ms[39m
[35m[39m
2024-07-20 17:05:38:538 [36minfo[39m: [36mServer is running on http://localhost:3000[39m
2024-07-20 17:06:14:614 [36minfo[39m: [36mServer is running on http://localhost:3000[39m
2024-07-20 17:06:19:619 [36minfo[39m: [36mServer is running on http://localhost:3000[39m
2024-07-20 17:06:34:634 [35mhttp[39m: [35mPOST /sign-up 201 199 - 38.152 ms[39m
[35m[39m
2024-07-20 17:07:45:745 [31merror[39m: [31m{"type":"Error","message":"insert into `users` (`email`, `password`) values ('ddeddvolutionary.wizard@gmail.com', '12345678') - Duplicate entry 'ddeddvolutionary.wizard@gmail.com' for key 'users.users_email_unique'","method":"POST","path":"/sign-up","params":"/sign-up","body":{"email":"ddeddvolutionary.wizard@gmail.com","password":"12345678"},"query":{},"stack":"Error: insert into `users` (`email`, `password`) values ('ddeddvolutionary.wizard@gmail.com', '12345678') - Duplicate entry 'ddeddvolutionary.wizard@gmail.com' for key 'users.users_email_unique'\n    at Packet.asError (/home/kaneki/Documents/testing/kubernete-microservice/authentication/node_modules/.pnpm/mysql2@3.10.3/node_modules/mysql2/lib/packets/packet.js:728:17)\n    at Query.execute (/home/kaneki/Documents/testing/kubernete-microservice/authentication/node_modules/.pnpm/mysql2@3.10.3/node_modules/mysql2/lib/commands/command.js:29:26)\n    at Connection.handlePacket (/home/kaneki/Documents/testing/kubernete-microservice/authentication/node_modules/.pnpm/mysql2@3.10.3/node_modules/mysql2/lib/connection.js:481:34)\n    at PacketParser.onPacket (/home/kaneki/Documents/testing/kubernete-microservice/authentication/node_modules/.pnpm/mysql2@3.10.3/node_modules/mysql2/lib/connection.js:97:12)\n    at PacketParser.executeStart (/home/kaneki/Documents/testing/kubernete-microservice/authentication/node_modules/.pnpm/mysql2@3.10.3/node_modules/mysql2/lib/packet_parser.js:75:16)\n    at Socket.<anonymous> (/home/kaneki/Documents/testing/kubernete-microservice/authentication/node_modules/.pnpm/mysql2@3.10.3/node_modules/mysql2/lib/connection.js:104:25)\n    at Socket.emit (node:events:519:28)\n    at Socket.emit (node:domain:488:12)\n    at addChunk (node:internal/streams/readable:559:12)\n    at readableAddChunkPushByteMode (node:internal/streams/readable:510:3)"}[39m
2024-07-20 17:07:45:745 [35mhttp[39m: [35mPOST /sign-up 422 201 - 15.502 ms[39m
[35m[39m
2024-07-20 17:07:58:758 [35mhttp[39m: [35mPOST /sign-up 400 68 - 1.510 ms[39m
[35m[39m
2024-07-20 17:08:04:84 [31merror[39m: [31m{"type":"Error","message":"insert into `users` (`email`, `password`) values ('ddeddvolutionary.wizard@gmail.com', '12345678') - Duplicate entry 'ddeddvolutionary.wizard@gmail.com' for key 'users.users_email_unique'","method":"POST","path":"/sign-up","params":"/sign-up","body":{"email":"ddeddvolutionary.wizard@gmail.com","password":"12345678"},"query":{},"stack":"Error: insert into `users` (`email`, `password`) values ('ddeddvolutionary.wizard@gmail.com', '12345678') - Duplicate entry 'ddeddvolutionary.wizard@gmail.com' for key 'users.users_email_unique'\n    at Packet.asError (/home/kaneki/Documents/testing/kubernete-microservice/authentication/node_modules/.pnpm/mysql2@3.10.3/node_modules/mysql2/lib/packets/packet.js:728:17)\n    at Query.execute (/home/kaneki/Documents/testing/kubernete-microservice/authentication/node_modules/.pnpm/mysql2@3.10.3/node_modules/mysql2/lib/commands/command.js:29:26)\n    at Connection.handlePacket (/home/kaneki/Documents/testing/kubernete-microservice/authentication/node_modules/.pnpm/mysql2@3.10.3/node_modules/mysql2/lib/connection.js:481:34)\n    at PacketParser.onPacket (/home/kaneki/Documents/testing/kubernete-microservice/authentication/node_modules/.pnpm/mysql2@3.10.3/node_modules/mysql2/lib/connection.js:97:12)\n    at PacketParser.executeStart (/home/kaneki/Documents/testing/kubernete-microservice/authentication/node_modules/.pnpm/mysql2@3.10.3/node_modules/mysql2/lib/packet_parser.js:75:16)\n    at Socket.<anonymous> (/home/kaneki/Documents/testing/kubernete-microservice/authentication/node_modules/.pnpm/mysql2@3.10.3/node_modules/mysql2/lib/connection.js:104:25)\n    at Socket.emit (node:events:519:28)\n    at Socket.emit (node:domain:488:12)\n    at addChunk (node:internal/streams/readable:559:12)\n    at readableAddChunkPushByteMode (node:internal/streams/readable:510:3)"}[39m
2024-07-20 17:08:04:84 [35mhttp[39m: [35mPOST /sign-up 422 201 - 16.089 ms[39m
[35m[39m
